2024-05-18 16:21:04
Full thread dump OpenJDK 64-Bit Server VM (21.0.1+12-LTS mixed mode, sharing):

Threads class SMR info:
_java_thread_list=0x000000010ec3a9e0, length=26, elements={
0x000000011e01ce00, 0x000000012800ac00, 0x000000011f812200, 0x000000010780a400,
0x000000011d80ba00, 0x000000012800fe00, 0x000000011e01d600, 0x000000011d80c200,
0x000000011d80ce00, 0x0000000107813200, 0x000000011f80ae00, 0x000000011d80a000,
0x0000000128252200, 0x000000011d946600, 0x000000011e1c4c00, 0x000000011e1c3e00,
0x000000011e00e200, 0x0000000107ccf000, 0x0000000107cc4a00, 0x0000000107ccf800,
0x000000011f8bb000, 0x00000001281de600, 0x000000011e04c600, 0x00000001285b2e00,
0x00000001285b3600, 0x00000001079abe00
}

"Reference Handler" #9 [31747] daemon prio=10 os_prio=31 cpu=1.94ms elapsed=217.06s tid=0x000000011e01ce00 nid=31747 waiting on condition  [0x000000016e802000]
   java.lang.Thread.State: RUNNABLE
	at java.lang.ref.Reference.waitForReferencePendingList(java.base@21.0.1/Native Method)
	at java.lang.ref.Reference.processPendingReferences(java.base@21.0.1/Reference.java:246)
	at java.lang.ref.Reference$ReferenceHandler.run(java.base@21.0.1/Reference.java:208)

"Finalizer" #10 [31235] daemon prio=8 os_prio=31 cpu=0.10ms elapsed=217.06s tid=0x000000012800ac00 nid=31235 in Object.wait()  [0x000000016ea0e000]
   java.lang.Thread.State: WAITING (on object monitor)
	at java.lang.Object.wait0(java.base@21.0.1/Native Method)
	- waiting on <0x00000007801bdf98> (a java.lang.ref.NativeReferenceQueue$Lock)
	at java.lang.Object.wait(java.base@21.0.1/Object.java:366)
	at java.lang.Object.wait(java.base@21.0.1/Object.java:339)
	at java.lang.ref.NativeReferenceQueue.await(java.base@21.0.1/NativeReferenceQueue.java:48)
	at java.lang.ref.ReferenceQueue.remove0(java.base@21.0.1/ReferenceQueue.java:158)
	at java.lang.ref.NativeReferenceQueue.remove(java.base@21.0.1/NativeReferenceQueue.java:89)
	- locked <0x00000007801bdf98> (a java.lang.ref.NativeReferenceQueue$Lock)
	at java.lang.ref.Finalizer$FinalizerThread.run(java.base@21.0.1/Finalizer.java:173)

"Signal Dispatcher" #11 [30723] daemon prio=9 os_prio=31 cpu=1.11ms elapsed=217.06s tid=0x000000011f812200 nid=30723 waiting on condition  [0x0000000000000000]
   java.lang.Thread.State: RUNNABLE

"Service Thread" #12 [30211] daemon prio=9 os_prio=31 cpu=2.08ms elapsed=217.05s tid=0x000000010780a400 nid=30211 runnable  [0x0000000000000000]
   java.lang.Thread.State: RUNNABLE

"Monitor Deflation Thread" #13 [23043] daemon prio=9 os_prio=31 cpu=12.88ms elapsed=217.05s tid=0x000000011d80ba00 nid=23043 runnable  [0x0000000000000000]
   java.lang.Thread.State: RUNNABLE

"C2 CompilerThread0" #14 [29955] daemon prio=9 os_prio=31 cpu=1592.13ms elapsed=217.05s tid=0x000000012800fe00 nid=29955 waiting on condition  [0x0000000000000000]
   java.lang.Thread.State: RUNNABLE
   No compile task

"C1 CompilerThread0" #17 [23555] daemon prio=9 os_prio=31 cpu=759.90ms elapsed=217.04s tid=0x000000011e01d600 nid=23555 waiting on condition  [0x0000000000000000]
   java.lang.Thread.State: RUNNABLE
   No compile task

"Common-Cleaner" #18 [24067] daemon prio=8 os_prio=31 cpu=2.69ms elapsed=217.00s tid=0x000000011d80c200 nid=24067 waiting on condition  [0x000000016f656000]
   java.lang.Thread.State: TIMED_WAITING (parking)
	at jdk.internal.misc.Unsafe.park(java.base@21.0.1/Native Method)
	- parking to wait for  <0x00000007801be0c0> (a java.util.concurrent.locks.AbstractQueuedSynchronizer$ConditionObject)
	at java.util.concurrent.locks.LockSupport.parkNanos(java.base@21.0.1/LockSupport.java:269)
	at java.util.concurrent.locks.AbstractQueuedSynchronizer$ConditionObject.await(java.base@21.0.1/AbstractQueuedSynchronizer.java:1847)
	at java.lang.ref.ReferenceQueue.await(java.base@21.0.1/ReferenceQueue.java:71)
	at java.lang.ref.ReferenceQueue.remove0(java.base@21.0.1/ReferenceQueue.java:143)
	at java.lang.ref.ReferenceQueue.remove(java.base@21.0.1/ReferenceQueue.java:218)
	at jdk.internal.ref.CleanerImpl.run(java.base@21.0.1/CleanerImpl.java:140)
	at java.lang.Thread.runWith(java.base@21.0.1/Thread.java:1596)
	at java.lang.Thread.run(java.base@21.0.1/Thread.java:1583)
	at jdk.internal.misc.InnocuousThread.run(java.base@21.0.1/InnocuousThread.java:186)

"Notification Thread" #19 [24323] daemon prio=9 os_prio=31 cpu=0.04ms elapsed=216.99s tid=0x000000011d80ce00 nid=24323 runnable  [0x0000000000000000]
   java.lang.Thread.State: RUNNABLE

"RMI TCP Accept-0" #21 [24835] daemon prio=5 os_prio=31 cpu=0.50ms elapsed=216.36s tid=0x0000000107813200 nid=24835 runnable  [0x000000016fa6e000]
   java.lang.Thread.State: RUNNABLE
	at sun.nio.ch.Net.accept(java.base@21.0.1/Native Method)
	at sun.nio.ch.NioSocketImpl.accept(java.base@21.0.1/NioSocketImpl.java:748)
	at java.net.ServerSocket.implAccept(java.base@21.0.1/ServerSocket.java:698)
	at java.net.ServerSocket.platformImplAccept(java.base@21.0.1/ServerSocket.java:663)
	at java.net.ServerSocket.implAccept(java.base@21.0.1/ServerSocket.java:639)
	at java.net.ServerSocket.implAccept(java.base@21.0.1/ServerSocket.java:585)
	at java.net.ServerSocket.accept(java.base@21.0.1/ServerSocket.java:543)
	at sun.rmi.transport.tcp.TCPTransport$AcceptLoop.executeAcceptLoop(java.rmi@21.0.1/TCPTransport.java:424)
	at sun.rmi.transport.tcp.TCPTransport$AcceptLoop.run(java.rmi@21.0.1/TCPTransport.java:388)
	at java.lang.Thread.runWith(java.base@21.0.1/Thread.java:1596)
	at java.lang.Thread.run(java.base@21.0.1/Thread.java:1583)

"RMI TCP Accept-54125" #22 [29187] daemon prio=5 os_prio=31 cpu=0.10ms elapsed=216.35s tid=0x000000011f80ae00 nid=29187 runnable  [0x000000016fc7a000]
   java.lang.Thread.State: RUNNABLE
	at sun.nio.ch.Net.accept(java.base@21.0.1/Native Method)
	at sun.nio.ch.NioSocketImpl.accept(java.base@21.0.1/NioSocketImpl.java:748)
	at java.net.ServerSocket.implAccept(java.base@21.0.1/ServerSocket.java:698)
	at java.net.ServerSocket.platformImplAccept(java.base@21.0.1/ServerSocket.java:663)
	at java.net.ServerSocket.implAccept(java.base@21.0.1/ServerSocket.java:639)
	at java.net.ServerSocket.implAccept(java.base@21.0.1/ServerSocket.java:585)
	at java.net.ServerSocket.accept(java.base@21.0.1/ServerSocket.java:543)
	at sun.rmi.transport.tcp.TCPTransport$AcceptLoop.executeAcceptLoop(java.rmi@21.0.1/TCPTransport.java:424)
	at sun.rmi.transport.tcp.TCPTransport$AcceptLoop.run(java.rmi@21.0.1/TCPTransport.java:388)
	at java.lang.Thread.runWith(java.base@21.0.1/Thread.java:1596)
	at java.lang.Thread.run(java.base@21.0.1/Thread.java:1583)

"RMI TCP Accept-0" #23 [25347] daemon prio=5 os_prio=31 cpu=0.05ms elapsed=216.32s tid=0x000000011d80a000 nid=25347 runnable  [0x000000016fe86000]
   java.lang.Thread.State: RUNNABLE
	at sun.nio.ch.Net.accept(java.base@21.0.1/Native Method)
	at sun.nio.ch.NioSocketImpl.accept(java.base@21.0.1/NioSocketImpl.java:748)
	at java.net.ServerSocket.implAccept(java.base@21.0.1/ServerSocket.java:698)
	at java.net.ServerSocket.platformImplAccept(java.base@21.0.1/ServerSocket.java:663)
	at java.net.ServerSocket.implAccept(java.base@21.0.1/ServerSocket.java:639)
	at java.net.ServerSocket.implAccept(java.base@21.0.1/ServerSocket.java:585)
	at java.net.ServerSocket.accept(java.base@21.0.1/ServerSocket.java:543)
	at sun.management.jmxremote.LocalRMIServerSocketFactory$1.accept(jdk.management.agent@21.0.1/LocalRMIServerSocketFactory.java:52)
	at sun.rmi.transport.tcp.TCPTransport$AcceptLoop.executeAcceptLoop(java.rmi@21.0.1/TCPTransport.java:424)
	at sun.rmi.transport.tcp.TCPTransport$AcceptLoop.run(java.rmi@21.0.1/TCPTransport.java:388)
	at java.lang.Thread.runWith(java.base@21.0.1/Thread.java:1596)
	at java.lang.Thread.run(java.base@21.0.1/Thread.java:1583)

"Catalina-utility-1" #38 [33539] prio=1 os_prio=31 cpu=67.11ms elapsed=214.96s tid=0x0000000128252200 nid=33539 waiting on condition  [0x000000030167e000]
   java.lang.Thread.State: TIMED_WAITING (parking)
	at jdk.internal.misc.Unsafe.park(java.base@21.0.1/Native Method)
	- parking to wait for  <0x0000000780931df0> (a java.util.concurrent.locks.AbstractQueuedSynchronizer$ConditionObject)
	at java.util.concurrent.locks.LockSupport.parkNanos(java.base@21.0.1/LockSupport.java:269)
	at java.util.concurrent.locks.AbstractQueuedSynchronizer$ConditionObject.awaitNanos(java.base@21.0.1/AbstractQueuedSynchronizer.java:1758)
	at java.util.concurrent.ScheduledThreadPoolExecutor$DelayedWorkQueue.take(java.base@21.0.1/ScheduledThreadPoolExecutor.java:1182)
	at java.util.concurrent.ScheduledThreadPoolExecutor$DelayedWorkQueue.take(java.base@21.0.1/ScheduledThreadPoolExecutor.java:899)
	at java.util.concurrent.ThreadPoolExecutor.getTask(java.base@21.0.1/ThreadPoolExecutor.java:1070)
	at java.util.concurrent.ThreadPoolExecutor.runWorker(java.base@21.0.1/ThreadPoolExecutor.java:1130)
	at java.util.concurrent.ThreadPoolExecutor$Worker.run(java.base@21.0.1/ThreadPoolExecutor.java:642)
	at org.apache.tomcat.util.threads.TaskThread$WrappingRunnable.run(TaskThread.java:61)
	at java.lang.Thread.runWith(java.base@21.0.1/Thread.java:1596)
	at java.lang.Thread.run(java.base@21.0.1/Thread.java:1583)

"Catalina-utility-2" #39 [41731] prio=1 os_prio=31 cpu=47.72ms elapsed=214.96s tid=0x000000011d946600 nid=41731 waiting on condition  [0x000000030188a000]
   java.lang.Thread.State: WAITING (parking)
	at jdk.internal.misc.Unsafe.park(java.base@21.0.1/Native Method)
	- parking to wait for  <0x0000000780931df0> (a java.util.concurrent.locks.AbstractQueuedSynchronizer$ConditionObject)
	at java.util.concurrent.locks.LockSupport.park(java.base@21.0.1/LockSupport.java:371)
	at java.util.concurrent.locks.AbstractQueuedSynchronizer$ConditionNode.block(java.base@21.0.1/AbstractQueuedSynchronizer.java:519)
	at java.util.concurrent.ForkJoinPool.unmanagedBlock(java.base@21.0.1/ForkJoinPool.java:3780)
	at java.util.concurrent.ForkJoinPool.managedBlock(java.base@21.0.1/ForkJoinPool.java:3725)
	at java.util.concurrent.locks.AbstractQueuedSynchronizer$ConditionObject.await(java.base@21.0.1/AbstractQueuedSynchronizer.java:1707)
	at java.util.concurrent.ScheduledThreadPoolExecutor$DelayedWorkQueue.take(java.base@21.0.1/ScheduledThreadPoolExecutor.java:1177)
	at java.util.concurrent.ScheduledThreadPoolExecutor$DelayedWorkQueue.take(java.base@21.0.1/ScheduledThreadPoolExecutor.java:899)
	at java.util.concurrent.ThreadPoolExecutor.getTask(java.base@21.0.1/ThreadPoolExecutor.java:1070)
	at java.util.concurrent.ThreadPoolExecutor.runWorker(java.base@21.0.1/ThreadPoolExecutor.java:1130)
	at java.util.concurrent.ThreadPoolExecutor$Worker.run(java.base@21.0.1/ThreadPoolExecutor.java:642)
	at org.apache.tomcat.util.threads.TaskThread$WrappingRunnable.run(TaskThread.java:61)
	at java.lang.Thread.runWith(java.base@21.0.1/Thread.java:1596)
	at java.lang.Thread.run(java.base@21.0.1/Thread.java:1583)

"container-0" #40 [41219] prio=5 os_prio=31 cpu=1.76ms elapsed=214.96s tid=0x000000011e1c4c00 nid=41219 waiting on condition  [0x0000000301a96000]
   java.lang.Thread.State: TIMED_WAITING (sleeping)
	at java.lang.Thread.sleep0(java.base@21.0.1/Native Method)
	at java.lang.Thread.sleep(java.base@21.0.1/Thread.java:509)
	at org.apache.catalina.core.StandardServer.await(StandardServer.java:564)
	at org.springframework.boot.web.embedded.tomcat.TomcatWebServer$1.run(TomcatWebServer.java:217)

"File Watcher" #41 [33795] daemon prio=5 os_prio=31 cpu=1294.41ms elapsed=214.84s tid=0x000000011e1c3e00 nid=33795 waiting on condition  [0x0000000301ca2000]
   java.lang.Thread.State: TIMED_WAITING (sleeping)
	at java.lang.Thread.sleep0(java.base@21.0.1/Native Method)
	at java.lang.Thread.sleep(java.base@21.0.1/Thread.java:509)
	at org.springframework.boot.devtools.filewatch.FileSystemWatcher$Watcher.scan(FileSystemWatcher.java:277)
	at org.springframework.boot.devtools.filewatch.FileSystemWatcher$Watcher.run(FileSystemWatcher.java:261)
	at java.lang.Thread.runWith(java.base@21.0.1/Thread.java:1596)
	at java.lang.Thread.run(java.base@21.0.1/Thread.java:1583)

"Live Reload Server" #43 [40455] daemon prio=5 os_prio=31 cpu=0.05ms elapsed=214.84s tid=0x000000011e00e200 nid=40455 runnable  [0x00000003020ba000]
   java.lang.Thread.State: RUNNABLE
	at sun.nio.ch.Net.accept(java.base@21.0.1/Native Method)
	at sun.nio.ch.NioSocketImpl.accept(java.base@21.0.1/NioSocketImpl.java:748)
	at java.net.ServerSocket.implAccept(java.base@21.0.1/ServerSocket.java:698)
	at java.net.ServerSocket.platformImplAccept(java.base@21.0.1/ServerSocket.java:663)
	at java.net.ServerSocket.implAccept(java.base@21.0.1/ServerSocket.java:639)
	at java.net.ServerSocket.implAccept(java.base@21.0.1/ServerSocket.java:585)
	at java.net.ServerSocket.accept(java.base@21.0.1/ServerSocket.java:543)
	at org.springframework.boot.devtools.livereload.LiveReloadServer.acceptConnections(LiveReloadServer.java:145)
	at org.springframework.boot.devtools.livereload.LiveReloadServer$$Lambda/0x0000009001446b50.run(Unknown Source)
	at java.lang.Thread.runWith(java.base@21.0.1/Thread.java:1596)
	at java.lang.Thread.run(java.base@21.0.1/Thread.java:1583)

"http-nio-8080-Poller" #44 [40195] daemon prio=5 os_prio=31 cpu=47.11ms elapsed=214.82s tid=0x0000000107ccf000 nid=40195 runnable  [0x0000000301eae000]
   java.lang.Thread.State: RUNNABLE
	at sun.nio.ch.KQueue.poll(java.base@21.0.1/Native Method)
	at sun.nio.ch.KQueueSelectorImpl.doSelect(java.base@21.0.1/KQueueSelectorImpl.java:125)
	at sun.nio.ch.SelectorImpl.lockAndDoSelect(java.base@21.0.1/SelectorImpl.java:130)
	- locked <0x0000000780d22928> (a sun.nio.ch.Util$2)
	- locked <0x0000000780d228d0> (a sun.nio.ch.KQueueSelectorImpl)
	at sun.nio.ch.SelectorImpl.select(java.base@21.0.1/SelectorImpl.java:142)
	at org.apache.tomcat.util.net.NioEndpoint$Poller.run(NioEndpoint.java:758)
	at java.lang.Thread.runWith(java.base@21.0.1/Thread.java:1596)
	at java.lang.Thread.run(java.base@21.0.1/Thread.java:1583)

"http-nio-8080-Acceptor" #45 [39939] daemon prio=5 os_prio=31 cpu=23.22ms elapsed=214.82s tid=0x0000000107cc4a00 nid=39939 runnable  [0x00000003022c6000]
   java.lang.Thread.State: RUNNABLE
	at sun.nio.ch.Net.accept(java.base@21.0.1/Native Method)
	at sun.nio.ch.ServerSocketChannelImpl.implAccept(java.base@21.0.1/ServerSocketChannelImpl.java:433)
	at sun.nio.ch.ServerSocketChannelImpl.accept(java.base@21.0.1/ServerSocketChannelImpl.java:399)
	at org.apache.tomcat.util.net.NioEndpoint.serverSocketAccept(NioEndpoint.java:521)
	at org.apache.tomcat.util.net.NioEndpoint.serverSocketAccept(NioEndpoint.java:79)
	at org.apache.tomcat.util.net.Acceptor.run(Acceptor.java:128)
	at java.lang.Thread.runWith(java.base@21.0.1/Thread.java:1596)
	at java.lang.Thread.run(java.base@21.0.1/Thread.java:1583)

"DestroyJavaVM" #46 [10499] prio=5 os_prio=31 cpu=427.93ms elapsed=214.81s tid=0x0000000107ccf800 nid=10499 waiting on condition  [0x0000000000000000]
   java.lang.Thread.State: RUNNABLE

"Attach Listener" #47 [22023] daemon prio=9 os_prio=31 cpu=2.46ms elapsed=164.55s tid=0x000000011f8bb000 nid=22023 waiting on condition  [0x0000000000000000]
   java.lang.Thread.State: RUNNABLE

"ForkJoinPool-1-worker-3" #51 [39427] daemon prio=5 os_prio=31 cpu=5.69ms elapsed=143.15s tid=0x00000001281de600 nid=39427 waiting on condition  [0x00000003026de000]
   java.lang.Thread.State: WAITING (parking)
	at jdk.internal.misc.Unsafe.park(java.base@21.0.1/Native Method)
	- parking to wait for  <0x000000078172f928> (a java.util.concurrent.ForkJoinPool)
	at java.util.concurrent.locks.LockSupport.park(java.base@21.0.1/LockSupport.java:371)
	at java.util.concurrent.ForkJoinPool.awaitWork(java.base@21.0.1/ForkJoinPool.java:1893)
	at java.util.concurrent.ForkJoinPool.runWorker(java.base@21.0.1/ForkJoinPool.java:1809)
	at java.util.concurrent.ForkJoinWorkerThread.run(java.base@21.0.1/ForkJoinWorkerThread.java:188)

"ForkJoinPool-1-worker-5" #53 [38659] daemon prio=5 os_prio=31 cpu=4.10ms elapsed=143.14s tid=0x000000011e04c600 nid=38659 waiting on condition  [0x0000000302af6000]
   java.lang.Thread.State: WAITING (parking)
	at jdk.internal.misc.Unsafe.park(java.base@21.0.1/Native Method)
	- parking to wait for  <0x000000078172f928> (a java.util.concurrent.ForkJoinPool)
	at java.util.concurrent.locks.LockSupport.park(java.base@21.0.1/LockSupport.java:371)
	at java.util.concurrent.ForkJoinPool.awaitWork(java.base@21.0.1/ForkJoinPool.java:1893)
	at java.util.concurrent.ForkJoinPool.runWorker(java.base@21.0.1/ForkJoinPool.java:1809)
	at java.util.concurrent.ForkJoinWorkerThread.run(java.base@21.0.1/ForkJoinWorkerThread.java:188)

"ForkJoinPool-1-worker-7" #55 [38403] daemon prio=5 os_prio=31 cpu=4.86ms elapsed=143.10s tid=0x00000001285b2e00 nid=38403 waiting on condition  [0x0000000302f0e000]
   java.lang.Thread.State: TIMED_WAITING (parking)
	at jdk.internal.misc.Unsafe.park(java.base@21.0.1/Native Method)
	- parking to wait for  <0x000000078172f928> (a java.util.concurrent.ForkJoinPool)
	at java.util.concurrent.locks.LockSupport.parkUntil(java.base@21.0.1/LockSupport.java:449)
	at java.util.concurrent.ForkJoinPool.awaitWork(java.base@21.0.1/ForkJoinPool.java:1891)
	at java.util.concurrent.ForkJoinPool.runWorker(java.base@21.0.1/ForkJoinPool.java:1809)
	at java.util.concurrent.ForkJoinWorkerThread.run(java.base@21.0.1/ForkJoinWorkerThread.java:188)

"ForkJoinPool-1-worker-8" #56 [36099] daemon prio=5 os_prio=31 cpu=4.99ms elapsed=143.10s tid=0x00000001285b3600 nid=36099 waiting on condition  [0x000000030311a000]
   java.lang.Thread.State: WAITING (parking)
	at jdk.internal.misc.Unsafe.park(java.base@21.0.1/Native Method)
	- parking to wait for  <0x000000078172f928> (a java.util.concurrent.ForkJoinPool)
	at java.util.concurrent.locks.LockSupport.park(java.base@21.0.1/LockSupport.java:371)
	at java.util.concurrent.ForkJoinPool.awaitWork(java.base@21.0.1/ForkJoinPool.java:1893)
	at java.util.concurrent.ForkJoinPool.runWorker(java.base@21.0.1/ForkJoinPool.java:1809)
	at java.util.concurrent.ForkJoinWorkerThread.run(java.base@21.0.1/ForkJoinWorkerThread.java:188)

"VirtualThread-unparker" #91 [37891] daemon prio=5 os_prio=31 cpu=2.09ms elapsed=143.07s tid=0x00000001079abe00 nid=37891 waiting on condition  [0x0000000303326000]
   java.lang.Thread.State: WAITING (parking)
	at jdk.internal.misc.Unsafe.park(java.base@21.0.1/Native Method)
	- parking to wait for  <0x000000078173f850> (a java.util.concurrent.locks.AbstractQueuedSynchronizer$ConditionObject)
	at java.util.concurrent.locks.LockSupport.park(java.base@21.0.1/LockSupport.java:371)
	at java.util.concurrent.locks.AbstractQueuedSynchronizer$ConditionNode.block(java.base@21.0.1/AbstractQueuedSynchronizer.java:519)
	at java.util.concurrent.ForkJoinPool.unmanagedBlock(java.base@21.0.1/ForkJoinPool.java:3780)
	at java.util.concurrent.ForkJoinPool.managedBlock(java.base@21.0.1/ForkJoinPool.java:3725)
	at java.util.concurrent.locks.AbstractQueuedSynchronizer$ConditionObject.await(java.base@21.0.1/AbstractQueuedSynchronizer.java:1707)
	at java.util.concurrent.ScheduledThreadPoolExecutor$DelayedWorkQueue.take(java.base@21.0.1/ScheduledThreadPoolExecutor.java:1170)
	at java.util.concurrent.ScheduledThreadPoolExecutor$DelayedWorkQueue.take(java.base@21.0.1/ScheduledThreadPoolExecutor.java:899)
	at java.util.concurrent.ThreadPoolExecutor.getTask(java.base@21.0.1/ThreadPoolExecutor.java:1070)
	at java.util.concurrent.ThreadPoolExecutor.runWorker(java.base@21.0.1/ThreadPoolExecutor.java:1130)
	at java.util.concurrent.ThreadPoolExecutor$Worker.run(java.base@21.0.1/ThreadPoolExecutor.java:642)
	at java.lang.Thread.runWith(java.base@21.0.1/Thread.java:1596)
	at java.lang.Thread.run(java.base@21.0.1/Thread.java:1583)
	at jdk.internal.misc.InnocuousThread.run(java.base@21.0.1/InnocuousThread.java:186)

"VM Thread" os_prio=31 cpu=21.92ms elapsed=217.08s tid=0x000000011d729bf0 nid=18947 runnable  

"GC Thread#0" os_prio=31 cpu=18.62ms elapsed=217.10s tid=0x000000011e80cdf0 nid=14339 runnable  

"GC Thread#1" os_prio=31 cpu=19.09ms elapsed=215.94s tid=0x000000011e9a7210 nid=25603 runnable  

"GC Thread#2" os_prio=31 cpu=17.58ms elapsed=215.94s tid=0x000000011e9a7c50 nid=27139 runnable  

"GC Thread#3" os_prio=31 cpu=17.49ms elapsed=215.94s tid=0x000000011ec642e0 nid=25859 runnable  

"GC Thread#4" os_prio=31 cpu=21.19ms elapsed=215.94s tid=0x000000011ec64c90 nid=26371 runnable  

"GC Thread#5" os_prio=31 cpu=17.80ms elapsed=215.94s tid=0x000000011ec656d0 nid=32771 runnable  

"GC Thread#6" os_prio=31 cpu=16.95ms elapsed=215.60s tid=0x000000010d5213b0 nid=42755 runnable  

"GC Thread#7" os_prio=31 cpu=16.53ms elapsed=215.60s tid=0x000000011eb7cd70 nid=42243 runnable  

"G1 Main Marker" os_prio=31 cpu=0.20ms elapsed=217.10s tid=0x000000011e80ddb0 nid=12803 runnable  

"G1 Conc#0" os_prio=31 cpu=5.09ms elapsed=217.10s tid=0x000000011e80eba0 nid=13059 runnable  

"G1 Conc#1" os_prio=31 cpu=4.24ms elapsed=215.41s tid=0x000000010d57cff0 nid=43275 runnable  

"G1 Refine#0" os_prio=31 cpu=91.14ms elapsed=217.10s tid=0x000000010e050200 nid=16387 runnable  

"G1 Service" os_prio=31 cpu=4.24ms elapsed=217.10s tid=0x000000010d6116e0 nid=21507 runnable  

"VM Periodic Task Thread" os_prio=31 cpu=72.22ms elapsed=217.09s tid=0x000000011d715560 nid=17411 waiting on condition  

JNI global refs: 18, weak refs: 0

